-------------------------------------------------------------------------------
Test set: org.slf4j.impl.JDK14AdapterLoggerNameTest
-------------------------------------------------------------------------------
Tests run: 2, Failures: 0, Errors: 0, Skipped: 0, Time elapsed: 0.146 sec - in org.slf4j.impl.JDK14AdapterLoggerNameTest
testLoggerNameUsingSlf4j(org.slf4j.impl.JDK14AdapterLoggerNameTest)  Time elapsed: 0.011 sec
testLoggerNameUsingJdkLogging(org.slf4j.impl.JDK14AdapterLoggerNameTest)  Time elapsed: 0 sec
