-------------------------------------------------------------------------------
Test set: org.slf4j.InvocationTest
-------------------------------------------------------------------------------
Tests run: 5, Failures: 0, Errors: 0, Skipped: 0, Time elapsed: 0.195 sec - in org.slf4j.InvocationTest
verifyMessageFormatting(org.slf4j.InvocationTest)  Time elapsed: 0.042 sec
testMDC(org.slf4j.InvocationTest)  Time elapsed: 0.002 sec
testNull(org.slf4j.InvocationTest)  Time elapsed: 0.013 sec
test1(org.slf4j.InvocationTest)  Time elapsed: 0 sec
testMarker(org.slf4j.InvocationTest)  Time elapsed: 0.009 sec
