-------------------------------------------------------------------------------
Test set: org.slf4j.profiler.ProfilerTest
-------------------------------------------------------------------------------
Tests run: 3, Failures: 0, Errors: 0, Skipped: 0, Time elapsed: 0.4 sec - in org.slf4j.profiler.ProfilerTest
testNestedProfiling(org.slf4j.profiler.ProfilerTest)  Time elapsed: 0.029 sec
testSmoke(org.slf4j.profiler.ProfilerTest)  Time elapsed: 0 sec
testBasicProfiling(org.slf4j.profiler.ProfilerTest)  Time elapsed: 0.016 sec
