-------------------------------------------------------------------------------
Test set: org.slf4j.migrator.line.NoConversionTest
-------------------------------------------------------------------------------
Tests run: 2, Failures: 0, Errors: 0, Skipped: 0, Time elapsed: 0.286 sec - in org.slf4j.migrator.line.NoConversionTest
testLog4jOverJclConversion(org.slf4j.migrator.line.NoConversionTest)  Time elapsed: 0.006 sec
testJclOverLog4jConversion(org.slf4j.migrator.line.NoConversionTest)  Time elapsed: 0.003 sec
