<?xml version="1.0" encoding="UTF-8"?>
<testsuite xmlns:xsi="http://www.w3.org/2001/XMLSchema-instance" xsi:schemaLocation="https://maven.apache.org/surefire/maven-surefire-plugin/xsd/surefire-test-report.xsd" name="org.slf4j.migrator.line.NoConversionTest" time="0.286" tests="2" errors="0" skipped="0" failures="0">
  <properties>
[...]
</properties>
  <testcase name="testLog4jOverJclConversion" classname="org.slf4j.migrator.line.NoConversionTest" time="0.006"/>
  <testcase name="testJclOverLog4jConversion" classname="org.slf4j.migrator.line.NoConversionTest" time="0.003"/>
</testsuite>