-------------------------------------------------------------------------------
Test set: org.apache.commons.logging.impl.SerializationTest
-------------------------------------------------------------------------------
Tests run: 3, Failures: 0, Errors: 0, Skipped: 0, Time elapsed: 0.152 sec - in org.apache.commons.logging.impl.SerializationTest
testSmoke(org.apache.commons.logging.impl.SerializationTest)  Time elapsed: 0.075 sec
testSLF4JLog(org.apache.commons.logging.impl.SerializationTest)  Time elapsed: 0.001 sec
testLocationAware(org.apache.commons.logging.impl.SerializationTest)  Time elapsed: 0.001 sec
